<?xml version="1.0" encoding="UTF-8"?>
<!-- Generated by org.testng.reporters.JUnitReportReporter -->
<testsuite hostname="user-PC" name="com.sarkarijobs.test.Carousels_TC" tests="1" failures="0" timestamp="11 Aug 2016 12:12:48 GMT" time="1.085" errors="0">
  <testcase name="testRecentCarousel" time="1.085" classname="com.sarkarijobs.test.Carousels_TC"/>
</testsuite> <!-- com.sarkarijobs.test.Carousels_TC -->
