<?xml version="1.0" encoding="UTF-8"?>
<!-- Generated by org.testng.reporters.JUnitReportReporter -->
<testsuite hostname="user-PC" name="com.sarkarijobs.test.UI_TC" tests="1" failures="0" timestamp="16 Aug 2016 12:41:37 GMT" time="2.021" errors="0">
  <testcase name="testRadioButton" time="2.021" classname="com.sarkarijobs.test.UI_TC"/>
</testsuite> <!-- com.sarkarijobs.test.UI_TC -->
