<?xml version="1.0" encoding="UTF-8"?>
<!-- Generated by org.testng.reporters.JUnitReportReporter -->
<testsuite hostname="user-PC" name="com.sarkarijobs.test.Pagination" tests="1" failures="0" timestamp="4 Aug 2016 08:50:16 GMT" time="129.584" errors="0">
  <testcase name="testPagination" time="129.584" classname="com.sarkarijobs.test.Pagination"/>
</testsuite> <!-- com.sarkarijobs.test.Pagination -->
