<?xml version="1.0" encoding="UTF-8"?>
<!-- Generated by org.testng.reporters.JUnitReportReporter -->
<testsuite hostname="user-PC" name="com.sarkarijobs.test.PopularSearches_TC" tests="1" failures="0" timestamp="16 Aug 2016 16:29:11 GMT" time="324.009" errors="0">
  <testcase name="testPopularSearches" time="324.009" classname="com.sarkarijobs.test.PopularSearches_TC"/>
</testsuite> <!-- com.sarkarijobs.test.PopularSearches_TC -->
