<?xml version="1.0" encoding="UTF-8"?>
<!-- Generated by org.testng.reporters.JUnitReportReporter -->
<testsuite hostname="user-PC" name="com.sarkarijobs.test.Pagination_TC" tests="1" failures="0" timestamp="16 Aug 2016 10:57:42 GMT" time="54.070" errors="0">
  <testcase name="testPagination" time="54.070" classname="com.sarkarijobs.test.Pagination_TC"/>
</testsuite> <!-- com.sarkarijobs.test.Pagination_TC -->
