<?xml version="1.0" encoding="UTF-8"?>
<!-- Generated by org.testng.reporters.JUnitReportReporter -->
<testsuite hostname="user-PC" name="com.sarkarijobs.test.CannedSearch_TC" tests="2" failures="0" timestamp="11 Aug 2016 11:18:57 GMT" time="56.684" errors="0">
  <testcase name="testRecentCarousel" time="20.675" classname="com.sarkarijobs.test.CannedSearch_TC"/>
  <testcase name="testPopularCategory" time="36.009" classname="com.sarkarijobs.test.CannedSearch_TC"/>
</testsuite> <!-- com.sarkarijobs.test.CannedSearch_TC -->
