<?xml version="1.0" encoding="UTF-8"?>
<!-- Generated by org.testng.reporters.JUnitReportReporter -->
<testsuite hostname="user-PC" name="com.sarkarijobs.test.BrowseAll" tests="1" failures="0" timestamp="3 Aug 2016 11:30:48 GMT" time="82.836" errors="0">
  <testcase name="browseAllJobs" time="82.836" classname="com.sarkarijobs.test.BrowseAll"/>
</testsuite> <!-- com.sarkarijobs.test.BrowseAll -->
