<?xml version="1.0" encoding="UTF-8"?>
<!-- Generated by org.testng.reporters.JUnitReportReporter -->
<testsuite hostname="user-PC" name="com.sarkarijobs.test.KeywordSearchTest" tests="2" failures="0" timestamp="4 Aug 2016 11:03:01 GMT" time="10.204" errors="0">
  <testcase name="testSearchByKeyword" time="10.144" classname="com.sarkarijobs.test.KeywordSearchTest"/>
  <testcase name="browsersTest" time="0.060" classname="com.sarkarijobs.test.KeywordSearchTest"/>
</testsuite> <!-- com.sarkarijobs.test.KeywordSearchTest -->
